Build started 19/03/2019 09:49:41.
     1>Project "D:\Andriy\Sources\mircat\mircat.vcxproj" on node 2 (Build target(s)).
     1>ClCompile:
         C:\Program Files (x86)\Microsoft Visual Studio 12.0\VC\bin\x86_amd64\CL.exe /c /I"C:\Program Files\Daylight Solutions\MIRcatSDK\bin" /I"C:\Program Files\MATLAB\R2018b-TUM\extern\include" /Zi /nologo /W4 /WX- /sdl /O2 /Oi /GL /D WIN32 /D NDEBUG /D _WINDOWS /D _USRDLL /D MIRCAT_EXPORTS /D _WINDLL /D _UNICODE /D UNICODE /Gm- /EHsc /MD /GS /Gy /fp:precise /Zc:wchar_t /Zc:forScope /Yc"stdafx.h" /Fp"x64\Release\mircat.pch" /Fo"x64\Release\\" /Fd"x64\Release\vc120.pdb" /Gd /TP /errorReport:prompt stdafx.cpp
         stdafx.cpp
         C:\Program Files (x86)\Microsoft Visual Studio 12.0\VC\bin\x86_amd64\CL.exe /c /I"C:\Program Files\Daylight Solutions\MIRcatSDK\bin" /I"C:\Program Files\MATLAB\R2018b-TUM\extern\include" /Zi /nologo /W4 /WX- /sdl /O2 /Oi /GL /D WIN32 /D NDEBUG /D _WINDOWS /D _USRDLL /D MIRCAT_EXPORTS /D _WINDLL /D _UNICODE /D UNICODE /Gm- /EHsc /MD /GS /Gy /fp:precise /Zc:wchar_t /Zc:forScope /Fo"x64\Release\\" /Fd"x64\Release\vc120.pdb" /Gd /TP /errorReport:prompt dllmain.cpp
         dllmain.cpp
         C:\Program Files (x86)\Microsoft Visual Studio 12.0\VC\bin\x86_amd64\CL.exe /c /I"C:\Program Files\Daylight Solutions\MIRcatSDK\bin" /I"C:\Program Files\MATLAB\R2018b-TUM\extern\include" /Zi /nologo /W4 /WX- /sdl /O2 /Oi /GL /D WIN32 /D NDEBUG /D _WINDOWS /D _USRDLL /D MIRCAT_EXPORTS /D _WINDLL /D _UNICODE /D UNICODE /Gm- /EHsc /MD /GS /Gy /fp:precise /Zc:wchar_t /Zc:forScope /Yu"stdafx.h" /Fp"x64\Release\mircat.pch" /Fo"x64\Release\\" /Fd"x64\Release\vc120.pdb" /Gd /TP /errorReport:prompt mircat.cpp
         mircat.cpp
       Link:
         C:\Program Files (x86)\Microsoft Visual Studio 12.0\VC\bin\x86_amd64\link.exe /ERRORREPORT:PROMPT /OUT:"D:\Andriy\Sources\mircat\x64\Release\mircat.mexw64" /INCREMENTAL:NO /NOLOGO /LIBPATH:"C:\Program Files\Daylight Solutions\MIRcatSDK\bin" /LIBPATH:"C:\Program Files\MATLAB\R2018b-TUM\extern\lib\win64\microsoft" kernel32.lib user32.lib gdi32.lib winspool.lib comdlg32.lib advapi32.lib shell32.lib ole32.lib oleaut32.lib uuid.lib odbc32.lib odbccp32.lib /DEF:"mircat.def" /MANIFEST /MANIFESTUAC:"level='asInvoker' uiAccess='false'" /manifest:embed /DEBUG /PDB:"D:\Andriy\Sources\mircat\x64\Release\mircat.pdb" /SUBSYSTEM:WINDOWS /OPT:REF /OPT:ICF /LTCG /TLBID:1 /DYNAMICBASE /NXCOMPAT /IMPLIB:"D:\Andriy\Sources\mircat\x64\Release\mircat.lib" /MACHINE:X64 /DLL x64\Release\dllmain.obj
         x64\Release\mircat.obj
         x64\Release\stdafx.obj
            Creating library D:\Andriy\Sources\mircat\x64\Release\mircat.lib and object D:\Andriy\Sources\mircat\x64\Release\mircat.exp
         Generating code
         Finished generating code
         mircat.vcxproj -> D:\Andriy\Sources\mircat\x64\Release\mircat.mexw64
     1>Done Building Project "D:\Andriy\Sources\mircat\mircat.vcxproj" (Build target(s)).

Build succeeded.

Time Elapsed 00:00:06.26
